0 info it worked if it ends with ok
1 verbose cli [ '/usr/bin/node', '/usr/bin/npm', 'run', 'build' ]
2 info using npm@3.5.2
3 info using node@v8.10.0
4 verbose run-script [ 'prebuild', 'build', 'postbuild' ]
5 info lifecycle imageslider@1.0.0~prebuild: imageslider@1.0.0
6 silly lifecycle imageslider@1.0.0~prebuild: no script for prebuild, continuing
7 info lifecycle imageslider@1.0.0~build: imageslider@1.0.0
8 verbose lifecycle imageslider@1.0.0~build: unsafe-perm in lifecycle true
9 verbose lifecycle imageslider@1.0.0~build: PATH: /usr/share/npm/bin/node-gyp-bin:/mnt/c/Users/batzz/Documents/Work/Code/Javascript/image-slideshow/node_modules/.bin:/home/batzz/.local/bin:/usr/local/sbin:/usr/local/bin:/usr/sbin:/usr/bin:/sbin:/bin:/usr/games:/usr/local/games:/mnt/c/Windows/System32:/mnt/c/Windows:/mnt/c/Windows/System32/wbem:/mnt/c/Windows/System32/WindowsPowerShell/v1.0:/mnt/c/Windows/System32/OpenSSH:/mnt/c/HashiCorp/Vagrant/bin:/mnt/c/Program Files/PuTTY:/mnt/c/Program Files/Microsoft VS Code/bin:/mnt/c/Program Files/Git/cmd:/mnt/c/Program Files (x86)/NVIDIA Corporation/PhysX/Common:/mnt/c/Program Files/nodejs:/mnt/c/Program Files/dotnet:/mnt/c/Users/batzz/AppData/Local/Microsoft/WindowsApps:/mnt/c/Users/batzz/AppData/Local/hyper/app-2.0.0/resources/bin:/mnt/c/Users/batzz/AppData/Roaming/npm:/snap/bin
10 verbose lifecycle imageslider@1.0.0~build: CWD: /mnt/c/Users/batzz/Documents/Work/Code/Javascript/image-slideshow
11 silly lifecycle imageslider@1.0.0~build: Args: [ '-c', 'webpack' ]
12 silly lifecycle imageslider@1.0.0~build: Returned: code: 2  signal: null
13 info lifecycle imageslider@1.0.0~build: Failed to exec build script
14 verbose stack Error: imageslider@1.0.0 build: `webpack`
14 verbose stack Exit status 2
14 verbose stack     at EventEmitter.<anonymous> (/usr/share/npm/lib/utils/lifecycle.js:232:16)
14 verbose stack     at emitTwo (events.js:126:13)
14 verbose stack     at EventEmitter.emit (events.js:214:7)
14 verbose stack     at ChildProcess.<anonymous> (/usr/share/npm/lib/utils/spawn.js:24:14)
14 verbose stack     at emitTwo (events.js:126:13)
14 verbose stack     at ChildProcess.emit (events.js:214:7)
14 verbose stack     at maybeClose (internal/child_process.js:925:16)
14 verbose stack     at Process.ChildProcess._handle.onexit (internal/child_process.js:209:5)
15 verbose pkgid imageslider@1.0.0
16 verbose cwd /mnt/c/Users/batzz/Documents/Work/Code/Javascript/image-slideshow
17 error Linux 4.4.0-17134-Microsoft
18 error argv "/usr/bin/node" "/usr/bin/npm" "run" "build"
19 error node v8.10.0
20 error npm  v3.5.2
21 error code ELIFECYCLE
22 error imageslider@1.0.0 build: `webpack`
22 error Exit status 2
23 error Failed at the imageslider@1.0.0 build script 'webpack'.
23 error Make sure you have the latest version of node.js and npm installed.
23 error If you do, this is most likely a problem with the imageslider package,
23 error not with npm itself.
23 error Tell the author that this fails on your system:
23 error     webpack
23 error You can get information on how to open an issue for this project with:
23 error     npm bugs imageslider
23 error Or if that isn't available, you can get their info via:
23 error     npm owner ls imageslider
23 error There is likely additional logging output above.
24 verbose exit [ 1, true ]
